2025-03-01 13:03:13 info: Task created: 75d29c62-490b-4dd2-a572-9b86b56d833f
2025-03-01 13:03:19 info: Task deleted: 75d29c62-490b-4dd2-a572-9b86b56d833f
2025-03-01 13:03:21 info: Task created: 4753e3fa-68b1-4e6e-9d16-da397b26b384
2025-03-01 13:03:25 info: Task updated: 4753e3fa-68b1-4e6e-9d16-da397b26b384
2025-03-01 13:48:39 info: Task deleted: 4753e3fa-68b1-4e6e-9d16-da397b26b384
2025-03-01 14:07:25 info: Task created: 66e0f355-8157-4bde-a702-092533189f3b
2025-03-01 14:07:32 info: Task updated: 66e0f355-8157-4bde-a702-092533189f3b
2025-03-02 10:12:40 info: Task created: 24b4d393-8dce-42b1-af45-5a3d1059da7f
2025-03-02 10:12:42 info: Task created: 31f51f45-5e1c-4b0a-8766-a6387e10f2cd
2025-03-02 10:23:53 info: Task deleted: 31f51f45-5e1c-4b0a-8766-a6387e10f2cd
2025-03-02 11:07:26 info: Task updated: 24b4d393-8dce-42b1-af45-5a3d1059da7f
2025-03-02 11:07:28 info: Task updated: 24b4d393-8dce-42b1-af45-5a3d1059da7f
2025-03-02 11:07:31 info: Task updated: 24b4d393-8dce-42b1-af45-5a3d1059da7f
2025-03-02 11:07:33 info: Task updated: 24b4d393-8dce-42b1-af45-5a3d1059da7f
2025-03-02 11:07:36 info: Task updated: 66e0f355-8157-4bde-a702-092533189f3b
2025-03-02 11:07:39 info: Task updated: 24b4d393-8dce-42b1-af45-5a3d1059da7f
2025-03-02 11:07:54 info: Task created: e1b8212c-58b7-4b7d-835c-d0f331bfec10
2025-03-02 11:07:56 info: Task created: f4bf6179-3152-43eb-941c-e6ef5c2eb6ce
2025-03-02 11:07:57 info: Task created: a5adc687-9de0-4fa8-8585-4ab781d863cb
2025-03-02 11:07:59 info: Task created: b17c67b1-0163-471c-8443-7970bcf6b68c
2025-03-02 11:08:03 info: Task updated: a5adc687-9de0-4fa8-8585-4ab781d863cb
2025-03-02 11:08:04 info: Task updated: 24b4d393-8dce-42b1-af45-5a3d1059da7f
2025-03-02 11:09:24 info: Task created: 41256e09-50a0-45cd-b9c7-3f514f99693c
2025-03-02 11:09:27 info: Task updated: 41256e09-50a0-45cd-b9c7-3f514f99693c
2025-03-02 11:10:45 info: Task updated: 24b4d393-8dce-42b1-af45-5a3d1059da7f
2025-03-02 11:12:38 info: Task updated: 41256e09-50a0-45cd-b9c7-3f514f99693c
2025-03-02 11:12:40 info: Task updated: 66e0f355-8157-4bde-a702-092533189f3b
2025-03-02 11:12:41 info: Task updated: 24b4d393-8dce-42b1-af45-5a3d1059da7f
2025-03-02 11:12:42 info: Task updated: f4bf6179-3152-43eb-941c-e6ef5c2eb6ce
2025-03-02 11:13:44 info: Task created: ce3de76b-9e01-4f56-8b90-45781454532a
2025-03-02 11:13:48 info: Task created: af750f7b-ef6d-49a3-9c5a-7f5e3fd4e9a1
2025-03-02 11:17:39 info: Task updated: f4bf6179-3152-43eb-941c-e6ef5c2eb6ce
2025-03-02 11:17:41 info: Task updated: 66e0f355-8157-4bde-a702-092533189f3b
2025-03-02 11:17:48 info: Task updated: 41256e09-50a0-45cd-b9c7-3f514f99693c
2025-03-02 11:17:50 info: Task updated: 41256e09-50a0-45cd-b9c7-3f514f99693c
2025-03-02 11:17:56 info: Task updated: af750f7b-ef6d-49a3-9c5a-7f5e3fd4e9a1
2025-03-02 11:17:58 info: Task updated: af750f7b-ef6d-49a3-9c5a-7f5e3fd4e9a1
2025-03-02 11:18:00 info: Task updated: a5adc687-9de0-4fa8-8585-4ab781d863cb
2025-03-02 11:18:36 info: Task updated: ce3de76b-9e01-4f56-8b90-45781454532a
2025-03-02 11:18:37 info: Task updated: 41256e09-50a0-45cd-b9c7-3f514f99693c
2025-03-02 11:18:37 info: Task updated: b17c67b1-0163-471c-8443-7970bcf6b68c
2025-03-02 11:21:20 info: Task updated: e1b8212c-58b7-4b7d-835c-d0f331bfec10
2025-03-02 11:21:24 info: Task updated: 24b4d393-8dce-42b1-af45-5a3d1059da7f
2025-03-02 11:21:26 info: Task updated: af750f7b-ef6d-49a3-9c5a-7f5e3fd4e9a1
2025-03-02 11:21:27 info: Task updated: ce3de76b-9e01-4f56-8b90-45781454532a
2025-03-02 11:21:29 info: Task updated: b17c67b1-0163-471c-8443-7970bcf6b68c
2025-03-02 11:21:30 info: Task updated: f4bf6179-3152-43eb-941c-e6ef5c2eb6ce
2025-03-02 11:21:45 info: Task updated: af750f7b-ef6d-49a3-9c5a-7f5e3fd4e9a1
2025-03-02 11:22:01 info: Task created: caa5fb78-3c99-4655-b941-15901875b843
2025-03-02 11:26:33 info: Task created: 2663cb97-f44d-4a78-8a6a-cfcf978f0098
2025-03-02 11:26:36 info: Task created: 2fafac07-1c3f-4ab5-9eb1-a62f556c18a2
2025-03-02 11:28:02 info: Task updated: 2663cb97-f44d-4a78-8a6a-cfcf978f0098
2025-03-02 11:28:04 info: Task updated: 41256e09-50a0-45cd-b9c7-3f514f99693c
2025-03-02 11:28:14 info: Task created: 654058bb-f581-4eee-a334-45e886ceda0d
2025-03-02 11:28:16 info: Task created: e22585e3-facb-41a3-9e1e-7a593dc42a81
2025-03-02 11:29:56 info: Task created: 8b8399e1-b31e-40c0-ba17-b71aaeb9a43d
2025-03-02 11:29:59 info: Task created: 964a1606-6ede-4581-b5f5-3a27348de587
2025-03-02 11:39:22 info: Task updated: 2fafac07-1c3f-4ab5-9eb1-a62f556c18a2
2025-03-02 11:39:38 info: Task updated: 2fafac07-1c3f-4ab5-9eb1-a62f556c18a2
2025-03-02 11:39:44 info: Task updated: 2fafac07-1c3f-4ab5-9eb1-a62f556c18a2
2025-03-02 11:39:44 info: Task deleted: 2fafac07-1c3f-4ab5-9eb1-a62f556c18a2
2025-03-02 11:54:28 info: Task updated: 964a1606-6ede-4581-b5f5-3a27348de587
2025-03-02 13:15:21 info: Task created: 5e864534-2bb0-47a5-9ed9-b89dd2d1ac77
2025-03-02 13:16:44 info: Task created: 63e8747d-fcbe-47af-ba32-f82ba9ce74ee
2025-03-02 13:21:04 info: Task created: 01f7ddf8-224a-42c2-bb4d-8668c25793c0
2025-03-02 13:22:15 info: Task created: c57017cf-e583-40da-b4ed-99c476aba913
2025-03-02 13:23:52 info: Task created: b16c7544-9a8f-4cc5-a1b9-fb5b152833a9
2025-03-02 13:23:53 info: Task created: c64dfb1b-6c39-4e6d-9e6f-6da1325ff015
2025-03-02 13:23:55 info: Task created: dce72588-c25f-43a0-88d1-6b7a97d6a921
2025-03-02 13:23:58 info: Task updated: 01f7ddf8-224a-42c2-bb4d-8668c25793c0
2025-03-02 13:24:00 info: Task updated: b16c7544-9a8f-4cc5-a1b9-fb5b152833a9
2025-03-02 13:24:05 info: Task updated: dce72588-c25f-43a0-88d1-6b7a97d6a921
2025-03-02 13:24:11 info: Task updated: dce72588-c25f-43a0-88d1-6b7a97d6a921
2025-03-02 13:26:13 info: Task updated: c64dfb1b-6c39-4e6d-9e6f-6da1325ff015
2025-03-02 13:26:14 info: Task updated: c64dfb1b-6c39-4e6d-9e6f-6da1325ff015
